Build started 08.05.2017 18:31:05.
     1>Project "Z:\Documents\Git\tsp-with-threads\ZWSiSK\ZWSiSK.vcxproj" on node 2 (Build target(s)).
     1>ClCompile:
         C:\Program Files (x86)\Microsoft Visual Studio 12.0\VC\bin\CL.exe /c /ZI /nologo /W3 /WX- /sdl /Od /Oy- /D _MBCS /Gm /EHsc /RTC1 /MDd /GS /fp:precise /Zc:wchar_t /Zc:forScope /Fo"Debug\\" /Fd"Debug\vc120.pdb" /Gd /TP /analyze- /errorReport:prompt TSP.cpp
         TSP.cpp
     1>z:\documents\git\tsp-with-threads\zwsisk\tsp.cpp(127): warning C4244: 'argument' : conversion from 'time_t' to 'unsigned int', possible loss of data
     1>z:\documents\git\tsp-with-threads\zwsisk\tsp.cpp(129): warning C4018: '<' : signed/unsigned mismatch
     1>z:\documents\git\tsp-with-threads\zwsisk\tsp.cpp(130): warning C4018: '<' : signed/unsigned mismatch
     1>z:\documents\git\tsp-with-threads\zwsisk\tsp.cpp(207): warning C4018: '<' : signed/unsigned mismatch
     1>z:\documents\git\tsp-with-threads\zwsisk\tsp.cpp(247): warning C4018: '<' : signed/unsigned mismatch
     1>z:\documents\git\tsp-with-threads\zwsisk\tsp.cpp(266): warning C4018: '<' : signed/unsigned mismatch
     1>z:\documents\git\tsp-with-threads\zwsisk\tsp.cpp(275): warning C4018: '<' : signed/unsigned mismatch
     1>z:\documents\git\tsp-with-threads\zwsisk\tsp.cpp(283): warning C4018: '<' : signed/unsigned mismatch
     1>z:\documents\git\tsp-with-threads\zwsisk\tsp.cpp(302): warning C4018: '<' : signed/unsigned mismatch
     1>z:\documents\git\tsp-with-threads\zwsisk\tsp.cpp(304): warning C4018: '<' : signed/unsigned mismatch
       Link:
         C:\Program Files (x86)\Microsoft Visual Studio 12.0\VC\bin\link.exe /ERRORREPORT:PROMPT /OUT:"Z:\Documents\Git\tsp-with-threads\Debug\ZWSiSK.exe" /INCREMENTAL /NOLOGO kernel32.lib user32.lib gdi32.lib winspool.lib comdlg32.lib advapi32.lib shell32.lib ole32.lib oleaut32.lib uuid.lib odbc32.lib odbccp32.lib /MANIFEST /MANIFESTUAC:"level='asInvoker' uiAccess='false'" /manifest:embed /DEBUG /PDB:"Z:\Documents\Git\tsp-with-threads\Debug\ZWSiSK.pdb" /TLBID:1 /DYNAMICBASE /NXCOMPAT /IMPLIB:"Z:\Documents\Git\tsp-with-threads\Debug\ZWSiSK.lib" /MACHINE:X86 Debug\main.obj
         Debug\TSP.obj
         ZWSiSK.vcxproj -> Z:\Documents\Git\tsp-with-threads\Debug\ZWSiSK.exe
     1>Done Building Project "Z:\Documents\Git\tsp-with-threads\ZWSiSK\ZWSiSK.vcxproj" (Build target(s)).

Build succeeded.

Time Elapsed 00:00:01.23
