Build started 11.06.2017 17:53:07.
     1>Project "Z:\Documents\Git\tsp-with-threads\PEA1\PEA1\PEA1.vcxproj" on node 2 (Build target(s)).
     1>ClCompile:
         C:\Program Files (x86)\Microsoft Visual Studio 12.0\VC\bin\CL.exe /c /ZI /nologo /W3 /WX- /sdl /Od /Oy- /D WIN32 /D _DEBUG /D _CONSOLE /D _LIB /D _UNICODE /D UNICODE /Gm /EHsc /RTC1 /MDd /GS /fp:precise /Zc:wchar_t /Zc:forScope /Fo"Debug\\" /Fd"Debug\vc120.pdb" /Gd /TP /analyze- /errorReport:prompt Menu.cpp
         Menu.cpp
     1>z:\documents\git\tsp-with-threads\pea1\pea1\cities.h(50): warning C4018: '<' : signed/unsigned mismatch
     1>z:\documents\git\tsp-with-threads\pea1\pea1\cities.h(109): warning C4018: '<' : signed/unsigned mismatch
     1>z:\documents\git\tsp-with-threads\pea1\pea1\cities.h(115): warning C4244: 'argument' : conversion from 'time_t' to 'unsigned int', possible loss of data
     1>z:\documents\git\tsp-with-threads\pea1\pea1\cities.h(116): warning C4018: '<' : signed/unsigned mismatch
     1>z:\documents\git\tsp-with-threads\pea1\pea1\cities.h(118): warning C4018: '<' : signed/unsigned mismatch
     1>z:\documents\git\tsp-with-threads\pea1\pea1\menu.cpp(78): warning C4018: '<' : signed/unsigned mismatch
     1>z:\documents\git\tsp-with-threads\pea1\pea1\menu.cpp(158): warning C4018: '<' : signed/unsigned mismatch
     1>z:\documents\git\tsp-with-threads\pea1\pea1\menu.cpp(336): warning C4244: 'initializing' : conversion from 'LONGLONG' to 'double', possible loss of data
     1>z:\documents\git\tsp-with-threads\pea1\pea1\menu.cpp(358): warning C4244: 'initializing' : conversion from 'LONGLONG' to 'double', possible loss of data
     1>z:\documents\git\tsp-with-threads\pea1\pea1\menu.cpp(481): warning C4244: 'initializing' : conversion from 'LONGLONG' to 'double', possible loss of data
       Link:
         C:\Program Files (x86)\Microsoft Visual Studio 12.0\VC\bin\link.exe /ERRORREPORT:PROMPT /OUT:"Z:\Documents\Git\tsp-with-threads\PEA1\Debug\PEA1.exe" /INCREMENTAL /NOLOGO kernel32.lib user32.lib gdi32.lib winspool.lib comdlg32.lib advapi32.lib shell32.lib ole32.lib oleaut32.lib uuid.lib odbc32.lib odbccp32.lib /MANIFEST /MANIFESTUAC:"level='asInvoker' uiAccess='false'" /manifest:embed /DEBUG /PDB:"Z:\Documents\Git\tsp-with-threads\PEA1\Debug\PEA1.pdb" /SUBSYSTEM:CONSOLE /TLBID:1 /DYNAMICBASE /NXCOMPAT /IMPLIB:"Z:\Documents\Git\tsp-with-threads\PEA1\Debug\PEA1.lib" /MACHINE:X86 Debug\Komiwojazer.obj
         Debug\Macierz.obj
         Debug\main.obj
         Debug\Menu.obj
         Debug\Node.obj
         Debug\Tree.obj
         Debug\Zachlanny.obj
         PEA1.vcxproj -> Z:\Documents\Git\tsp-with-threads\PEA1\Debug\PEA1.exe
     1>Done Building Project "Z:\Documents\Git\tsp-with-threads\PEA1\PEA1\PEA1.vcxproj" (Build target(s)).

Build succeeded.

Time Elapsed 00:00:02.16
