Build started 20.Jan.2017 14:18:17.
     1>Project "C:\Users\PAWITKOW\Desktop\Studia\PEA\PEA1\PEA1\PEA1.vcxproj" on node 2 (Build target(s)).
     1>ClCompile:
         C:\Program Files (x86)\Microsoft Visual Studio 12.0\VC\bin\CL.exe /c /Zi /nologo /W3 /WX- /sdl /O2 /Oi /Oy- /GL /D WIN32 /D NDEBUG /D _CONSOLE /D _LIB /D _UNICODE /D UNICODE /Gm- /EHsc /MD /GS /Gy /fp:precise /Zc:wchar_t /Zc:forScope /Fo"Release\\" /Fd"Release\vc120.pdb" /Gd /TP /analyze- /errorReport:prompt Menu.cpp
         Menu.cpp
     1>Menu.cpp(99): warning C4244: 'initializing' : conversion from 'LONGLONG' to 'double', possible loss of data
     1>Menu.cpp(182): warning C4244: 'initializing' : conversion from 'LONGLONG' to 'double', possible loss of data
       Link:
         C:\Program Files (x86)\Microsoft Visual Studio 12.0\VC\bin\link.exe /ERRORREPORT:PROMPT /OUT:"C:\Users\PAWITKOW\Desktop\Studia\PEA\PEA1\Release\PEA1.exe" /INCREMENTAL:NO /NOLOGO kernel32.lib user32.lib gdi32.lib winspool.lib comdlg32.lib advapi32.lib shell32.lib ole32.lib oleaut32.lib uuid.lib odbc32.lib odbccp32.lib /MANIFEST /MANIFESTUAC:"level='asInvoker' uiAccess='false'" /manifest:embed /DEBUG /PDB:"C:\Users\PAWITKOW\Desktop\Studia\PEA\PEA1\Release\PEA1.pdb" /SUBSYSTEM:CONSOLE /OPT:REF /OPT:ICF /LTCG /TLBID:1 /DYNAMICBASE /NXCOMPAT /IMPLIB:"C:\Users\PAWITKOW\Desktop\Studia\PEA\PEA1\Release\PEA1.lib" /MACHINE:X86 /SAFESEH Release\Komiwojazer.obj
         Release\Macierz.obj
         Release\main.obj
         Release\Menu.obj
         Release\Node.obj
         Release\Tree.obj
         Generating code
         Finished generating code
         PEA1.vcxproj -> C:\Users\PAWITKOW\Desktop\Studia\PEA\PEA1\Release\PEA1.exe
     1>Done Building Project "C:\Users\PAWITKOW\Desktop\Studia\PEA\PEA1\PEA1\PEA1.vcxproj" (Build target(s)).

Build succeeded.

Time Elapsed 00:00:02.15
